<?xml version="1.0" encoding="UTF-8"?>
<!-- Generated by org.testng.reporters.JUnitReportReporter -->
<testsuite skipped="0" hostname="GVDIACN-44" name="com.qa.wave4.Fusion" tests="1" failures="0" timestamp="2020-06-30T18:55:29 IST" time="229.772" errors="0">
  <testcase name="FUSION_S01_Web_GADI_UserLogin" time="229.772" classname="com.qa.wave4.Fusion"/>
</testsuite> <!-- com.qa.wave4.Fusion -->
