<?xml version="1.0" encoding="UTF-8"?>
<!-- Generated by org.testng.reporters.JUnitReportReporter -->
<testsuite skipped="0" hostname="GVDIACN-45" name="com.qa.wave2.GEDCS" tests="1" failures="0" timestamp="2020-06-01T18:31:56 IST" time="44.577" errors="0">
  <testcase name="GEDCS_S01_PostPatch_Testing" time="44.577" classname="com.qa.wave2.GEDCS"/>
</testsuite> <!-- com.qa.wave2.GEDCS -->
