<?xml version="1.0" encoding="UTF-8"?>
<!-- Generated by org.testng.reporters.JUnitReportReporter -->
<testsuite skipped="0" hostname="GVDIACN-2" name="com.qa.wave1.TestApp" tests="2" failures="0" timestamp="2020-04-10T23:40:18 IST" time="10.583" errors="0">
  <testcase name="Filkart_05_Web_ValidateCredntails" time="4.699" classname="com.qa.wave1.TestApp"/>
  <testcase name="Filkart_03_Web_ValidatemenuItems" time="5.884" classname="com.qa.wave1.TestApp"/>
</testsuite> <!-- com.qa.wave1.TestApp -->
