<?xml version="1.0" encoding="UTF-8"?>
<!-- Generated by org.testng.reporters.JUnitReportReporter -->
<testsuite skipped="0" hostname="GVDIACN-45" name="com.qa.wave1.Inova" tests="1" failures="0" timestamp="2020-06-08T22:12:10 IST" time="69.630" errors="0">
  <testcase name="Inova_S03_PostPatch_Testing" time="69.630" classname="com.qa.wave1.Inova"/>
</testsuite> <!-- com.qa.wave1.Inova -->
