<?xml version="1.0" encoding="UTF-8"?>
<!-- Generated by org.testng.reporters.JUnitReportReporter -->
<testsuite skipped="0" hostname="GVDIACN-44" name="com.qa.wave3.GPRICE" tests="4" failures="0" timestamp="2020-06-23T18:42:40 IST" time="137.106" errors="0">
  <testcase name="GPRICE_S01_Web_Devurl_UserLogin_dasboard" time="29.010" classname="com.qa.wave3.GPRICE"/>
  <testcase name="GPRICE_S02_Web_Devurl_Simulation_Report" time="41.855" classname="com.qa.wave3.GPRICE"/>
  <testcase name="GPRICE_S04_Web_Produrl_Simulation_Report" time="43.394" classname="com.qa.wave3.GPRICE"/>
  <testcase name="GPRICE_S03_Web_Produrl_UserLogin_dashboard" time="22.847" classname="com.qa.wave3.GPRICE"/>
</testsuite> <!-- com.qa.wave3.GPRICE -->
