<?xml version="1.0" encoding="UTF-8"?>
<!-- Generated by org.testng.reporters.JUnitReportReporter -->
<testsuite skipped="0" hostname="GVDIACN-45" name="com.qa.wave1.CLM_Stand1" tests="10" failures="0" timestamp="2020-06-04T21:18:04 IST" time="2.347" errors="0">
  <testcase name="CLM_CCCONAPPPRDN01" time="0.284" classname="com.qa.wave1.CLM_Stand1"/>
  <testcase name="CLM_EOCONAPPPRDN02" time="0.199" classname="com.qa.wave1.CLM_Stand1"/>
  <testcase name="CLM_FCCONAPPPRDN01" time="0.576" classname="com.qa.wave1.CLM_Stand1"/>
  <testcase name="CLM_HGCONAPPPRDN02" time="0.065" classname="com.qa.wave1.CLM_Stand1"/>
  <testcase name="CLM_LDCONAPPPRDN01" time="0.284" classname="com.qa.wave1.CLM_Stand1"/>
  <testcase name="CLM_SJCLMAPPPRDN01" time="0.037" classname="com.qa.wave1.CLM_Stand1"/>
  <testcase name="CLM_SJCONAPPPRDN01" time="0.215" classname="com.qa.wave1.CLM_Stand1"/>
  <testcase name="CLM_SJCONAPPPRDN02" time="0.295" classname="com.qa.wave1.CLM_Stand1"/>
  <testcase name="CLM_SJCONAPPPRDN03" time="0.114" classname="com.qa.wave1.CLM_Stand1"/>
  <testcase name="CLM_SJCONAPPPRDN13" time="0.278" classname="com.qa.wave1.CLM_Stand1"/>
</testsuite> <!-- com.qa.wave1.CLM_Stand1 -->
