<?xml version="1.0" encoding="UTF-8"?>
<!-- Generated by org.testng.reporters.JUnitReportReporter -->
<testsuite skipped="0" hostname="GVDIACN-45" name="com.qa.wave2.Assurenet_Sep12" tests="1" failures="0" timestamp="2020-06-04T20:04:26 IST" time="27.826" errors="0">
  <testcase name="Assurenet_Sep12_Url_Administrator_XMLinterface" time="27.826" classname="com.qa.wave2.Assurenet_Sep12"/>
</testsuite> <!-- com.qa.wave2.Assurenet_Sep12 -->
