<?xml version="1.0" encoding="UTF-8"?>
<!-- Generated by org.testng.reporters.JUnitReportReporter -->
<testsuite skipped="2" hostname="GVDIACN-44" name="com.qa.wave2.PRTGNetworkMonitor" tests="4" failures="0" timestamp="2020-08-23T19:24:07 IST" time="29.229" errors="0">
  <testcase name="PRTGNM_S03_Web_Produrl_UserLogin" time="14.556" classname="com.qa.wave2.PRTGNetworkMonitor"/>
  <testcase name="PRTGNM_S04_Web_Produrl_ViewAllSensorsData" time="14.673" classname="com.qa.wave2.PRTGNetworkMonitor"/>
  <testcase name="PRTGNM_S01_Web_Devurl_UserLogin" classname="com.qa.wave2.PRTGNetworkMonitor">
    <skipped/>
  </testcase> <!-- PRTGNM_S01_Web_Devurl_UserLogin -->
  <testcase name="PRTGNM_S02_Web_DevurlViewAllSensorsData" classname="com.qa.wave2.PRTGNetworkMonitor">
    <skipped/>
  </testcase> <!-- PRTGNM_S02_Web_DevurlViewAllSensorsData -->
</testsuite> <!-- com.qa.wave2.PRTGNetworkMonitor -->
