<?xml version="1.0" encoding="UTF-8"?>
<!-- Generated by org.testng.reporters.JUnitReportReporter -->
<testsuite skipped="0" hostname="GVDIACN-51" name="com.qa.wave1.GDLPdevTest" tests="6" failures="0" timestamp="2020-04-14T16:14:33 IST" time="115.845" errors="0">
  <testcase name="GDLP_TC01_Web_login_verifyserver" time="8.159" classname="com.qa.wave1.GDLPdevTest"/>
  <testcase name="GDLP_TC02_Web_create_policy" time="28.772" classname="com.qa.wave1.GDLPdevTest"/>
  <testcase name="GDLP_TC03_Web_edit_rule" time="20.057" classname="com.qa.wave1.GDLPdevTest"/>
  <testcase name="GDLP_TC04_Web_create_target" time="36.758" classname="com.qa.wave1.GDLPdevTest"/>
  <testcase name="GDLP_TC05_Web_scan_target" time="11.089" classname="com.qa.wave1.GDLPdevTest"/>
  <testcase name="GDLP_TC06_Web_view_incidents" time="11.010" classname="com.qa.wave1.GDLPdevTest"/>
</testsuite> <!-- com.qa.wave1.GDLPdevTest -->
