<?xml version="1.0" encoding="UTF-8"?>
<!-- Generated by org.testng.reporters.JUnitReportReporter -->
<testsuite skipped="0" hostname="GVDIACN-45" name="com.qa.wave2.OracleEBS" tests="1" failures="0" timestamp="2020-06-06T08:08:07 IST" time="17.162" errors="0">
  <testcase name="OracleEBS_dev_login" time="17.162" classname="com.qa.wave2.OracleEBS"/>
</testsuite> <!-- com.qa.wave2.OracleEBS -->
