<?xml version="1.0" encoding="UTF-8"?>
<!-- Generated by org.testng.reporters.JUnitReportReporter -->
<testsuite skipped="1" hostname="GVDIACN-2" name="com.qa.wave1.TestApp" tests="3" failures="0" timestamp="2020-04-13T20:40:57 IST" time="17.357" errors="0">
  <testcase name="Filkart_05_Web_ValidateCredntails" time="4.997" classname="com.qa.wave1.TestApp"/>
  <testcase name="Filkart_03_Web_ValidatemenuItems" time="12.360" classname="com.qa.wave1.TestApp"/>
  <testcase name="Amazon_01_Web_Validatedropdown" classname="com.qa.wave1.TestApp">
    <skipped/>
  </testcase> <!-- Amazon_01_Web_Validatedropdown -->
</testsuite> <!-- com.qa.wave1.TestApp -->
