<?xml version="1.0" encoding="UTF-8"?>
<!-- Generated by org.testng.reporters.JUnitReportReporter -->
<testsuite skipped="0" hostname="GVDIACN-44" name="com.qa.wave3.GPRICE" tests="4" failures="0" timestamp="2020-08-22T20:08:40 IST" time="72.100" errors="0">
  <testcase name="GPRICE_S01_Web_Devurl_UserLogin_dasboard" time="17.389" classname="com.qa.wave3.GPRICE"/>
  <testcase name="GPRICE_S02_Web_Devurl_Simulation_Report" time="20.176" classname="com.qa.wave3.GPRICE"/>
  <testcase name="GPRICE_S03_Web_Produrl_UserLogin_dashboard" time="13.176" classname="com.qa.wave3.GPRICE"/>
  <testcase name="GPRICE_S04_Web_Produrl_Simulation_Report" time="21.359" classname="com.qa.wave3.GPRICE"/>
</testsuite> <!-- com.qa.wave3.GPRICE -->
