<?xml version="1.0" encoding="UTF-8"?>
<!-- Generated by org.testng.reporters.JUnitReportReporter -->
<testsuite skipped="0" hostname="GVDIACN-45" name="com.qa.wave2.Assurenet_Sep14" tests="1" failures="0" timestamp="2020-06-04T21:17:18 IST" time="30.784" errors="0">
  <testcase name="Assurenet_Sep12_Url_Administrator_XMLinterface" time="30.784" classname="com.qa.wave2.Assurenet_Sep14"/>
</testsuite> <!-- com.qa.wave2.Assurenet_Sep14 -->
