<?xml version="1.0" encoding="UTF-8"?>
<!-- Generated by org.testng.reporters.JUnitReportReporter -->
<testsuite skipped="0" hostname="GVDIACN-45" name="com.qa.wave1.ILMH" tests="1" failures="0" timestamp="2020-05-24T17:09:15 IST" time="44.765" errors="0">
  <testcase name="ILMH_S02_Web_Postpatching_verification" time="44.765" classname="com.qa.wave1.ILMH"/>
</testsuite> <!-- com.qa.wave1.ILMH -->
