<?xml version="1.0" encoding="UTF-8"?>
<!-- Generated by org.testng.reporters.JUnitReportReporter -->
<testsuite skipped="1" hostname="GVDIACN-45" name="com.qa.wave1.GPRS" tests="11" failures="0" timestamp="2020-06-13T17:08:54 IST" time="262.332" errors="0">
  <testcase name="GPRS_S03_Web_Testurlaccessible" time="13.314" classname="com.qa.wave1.GPRS"/>
  <testcase name="GPRS_S18_Web_EnrollmentFunctionality" time="23.778" classname="com.qa.wave1.GPRS"/>
  <testcase name="GPRS_S01_Web_Testurlaccessible" time="18.379" classname="com.qa.wave1.GPRS"/>
  <testcase name="GPRS_S02_Web_PartnerUrlaccessible" time="14.772" classname="com.qa.wave1.GPRS"/>
  <testcase name="GPRS_S10_Web_Password_Chng_Func" time="23.979" classname="com.qa.wave1.GPRS"/>
  <testcase name="GPRS_S11_Web_Password_reset_Func" time="41.187" classname="com.qa.wave1.GPRS"/>
  <testcase name="GPRS_S13_Web_Password_Chng_Func" time="20.330" classname="com.qa.wave1.GPRS"/>
  <testcase name="GPRS_S14_Web_Password_reset_Func" time="37.968" classname="com.qa.wave1.GPRS"/>
  <testcase name="GPRS_S15_Web_Password_Chng_Func" time="25.624" classname="com.qa.wave1.GPRS"/>
  <testcase name="GPRS_S16_Web_Password_reset_Func" time="43.001" classname="com.qa.wave1.GPRS"/>
  <testcase name="GPRS_S07_WinSrve_Service_Status" classname="com.qa.wave1.GPRS">
    <skipped/>
  </testcase> <!-- GPRS_S07_WinSrve_Service_Status -->
</testsuite> <!-- com.qa.wave1.GPRS -->
