<?xml version="1.0" encoding="UTF-8"?>
<!-- Generated by org.testng.reporters.JUnitReportReporter -->
<testsuite skipped="0" hostname="GVDIACN-45" name="com.qa.wave4.SDS" tests="2" failures="0" timestamp="2020-06-16T11:05:58 IST" time="31.137" errors="0">
  <testcase name="SDS_S01_Test_Postpatchtesting" time="23.891" classname="com.qa.wave4.SDS"/>
  <testcase name="SDS_S02_PROD_Postpatchtesting" time="7.246" classname="com.qa.wave4.SDS"/>
</testsuite> <!-- com.qa.wave4.SDS -->
