<?xml version="1.0" encoding="UTF-8"?>
<!-- Generated by org.testng.reporters.JUnitReportReporter -->
<testsuite skipped="0" hostname="GVDIACN-44" name="com.qa.wave3.GShare" tests="9" failures="0" timestamp="2020-09-14T16:29:51 IST" time="289.189" errors="0">
  <testcase name="GShare_S01_Web_URL_Accessibility" time="8.016" classname="com.qa.wave3.GShare"/>
  <testcase name="GShare_S02_Web_FolderCreation" time="39.617" classname="com.qa.wave3.GShare"/>
  <testcase name="GShare_S03_Web_WordCreation" time="109.942" classname="com.qa.wave3.GShare"/>
  <testcase name="GShare_S05_Web_ExcelCreation" time="57.149" classname="com.qa.wave3.GShare"/>
  <testcase name="Gshare_S09_Web_Verify_AboutGilead" time="11.169" classname="com.qa.wave3.GShare"/>
  <testcase name="Gshare_S10_Web_VerifyResouceWebElement" time="11.014" classname="com.qa.wave3.GShare"/>
  <testcase name="Gshare_S11_Web_VerifyFooterWebElement" time="10.428" classname="com.qa.wave3.GShare"/>
  <testcase name="Gshare_S12_Web_VerifySearchFunctionality" time="18.972" classname="com.qa.wave3.GShare"/>
  <testcase name="Gshare_S13_VerifyWorldClock" time="22.882" classname="com.qa.wave3.GShare"/>
</testsuite> <!-- com.qa.wave3.GShare -->
