<?xml version="1.0" encoding="UTF-8"?>
<!-- Generated by org.testng.reporters.JUnitReportReporter -->
<testsuite skipped="0" hostname="GVDIACN-45" name="com.qa.wave2.RDT_DEV" tests="1" failures="0" timestamp="2020-06-02T20:28:19 IST" time="16.977" errors="0">
  <testcase name="RTDDEV_S01_Url_Login" time="16.977" classname="com.qa.wave2.RDT_DEV"/>
</testsuite> <!-- com.qa.wave2.RDT_DEV -->
