<?xml version="1.0" encoding="UTF-8"?>
<!-- Generated by org.testng.reporters.JUnitReportReporter -->
<testsuite skipped="0" hostname="GVDIACN-45" name="com.qa.wave4.CisPro_GS2" tests="2" failures="0" timestamp="2020-06-15T13:39:54 IST" time="24.031" errors="0">
  <testcase name="CisProGs2_S01_Test_Postpatchtesting" time="23.139" classname="com.qa.wave4.CisPro_GS2"/>
  <testcase name="CisProGs2_S02_PROD_Postpatchtesting" time="0.892" classname="com.qa.wave4.CisPro_GS2"/>
</testsuite> <!-- com.qa.wave4.CisPro_GS2 -->
