<?xml version="1.0" encoding="UTF-8"?>
<!-- Generated by org.testng.reporters.JUnitReportReporter -->
<testsuite skipped="5" hostname="GVDIACN-44" name="com.qa.wave3.FlexDeploy" tests="6" failures="0" timestamp="2020-06-16T19:41:53 IST" time="53.466" errors="0">
  <testcase name="FlexDeploy_S03_Web_VAL_UserLogin" time="53.466" classname="com.qa.wave3.FlexDeploy"/>
  <testcase name="FlexDeploy_S06_Web_Prod_" classname="com.qa.wave3.FlexDeploy">
    <skipped/>
  </testcase> <!-- FlexDeploy_S06_Web_Prod_ -->
  <testcase name="FlexDeploy_S02_Web_VAL_" classname="com.qa.wave3.FlexDeploy">
    <skipped/>
  </testcase> <!-- FlexDeploy_S02_Web_VAL_ -->
  <testcase name="FlexDeploy_S01_Web_Dev_UserLogin" classname="com.qa.wave3.FlexDeploy">
    <skipped/>
  </testcase> <!-- FlexDeploy_S01_Web_Dev_UserLogin -->
  <testcase name="FlexDeploy_S02_Web_Dev_" classname="com.qa.wave3.FlexDeploy">
    <skipped/>
  </testcase> <!-- FlexDeploy_S02_Web_Dev_ -->
  <testcase name="FlexDeploy_S05_Web_Prod_UserLogin" classname="com.qa.wave3.FlexDeploy">
    <skipped/>
  </testcase> <!-- FlexDeploy_S05_Web_Prod_UserLogin -->
</testsuite> <!-- com.qa.wave3.FlexDeploy -->
