<?xml version="1.0" encoding="UTF-8"?>
<!-- Generated by org.testng.reporters.JUnitReportReporter -->
<testsuite skipped="0" hostname="GVDIACN-44" name="com.qa.wave4.AuditUt" tests="1" failures="0" timestamp="2020-10-07T14:46:33 IST" time="10.223" errors="0">
  <testcase name="AuditUtopia_S01_Web_Produrl_LandingPage" time="10.223" classname="com.qa.wave4.AuditUt"/>
</testsuite> <!-- com.qa.wave4.AuditUt -->
