<?xml version="1.0" encoding="UTF-8"?>
<!-- Generated by org.testng.reporters.JUnitReportReporter -->
<testsuite skipped="0" hostname="GVDIACN-45" name="com.qa.wave4.PipelinePilot" tests="1" failures="0" timestamp="2020-06-15T16:04:50 IST" time="12.625" errors="0">
  <testcase name="PipelinePilot_S01_Test_Postpatchtesting" time="12.625" classname="com.qa.wave4.PipelinePilot"/>
</testsuite> <!-- com.qa.wave4.PipelinePilot -->
