<?xml version="1.0" encoding="UTF-8"?>
<!-- Generated by org.testng.reporters.JUnitReportReporter -->
<testsuite skipped="0" hostname="GVDIACN-45" name="com.qa.wave1.DBAM" tests="1" failures="0" timestamp="2020-04-23T17:34:52 IST" time="46.983" errors="0">
  <testcase name="DBAM_S01_Web_BuildingReports" time="46.983" classname="com.qa.wave1.DBAM"/>
</testsuite> <!-- com.qa.wave1.DBAM -->
